Start auto log messages stack - Iteration 1.
Action.c(1391): web_add_auto_header("X-CSRF-TOKEN") was successful  	[MsgId: MMSG-26392]
Action.c(1394): web_add_auto_header("X-Requested-With") started  	[MsgId: MMSG-26355]
Action.c(1394): web_add_auto_header("X-Requested-With") was successful  	[MsgId: MMSG-26392]
Action.c(1397): web_submit_data("searchViews") started  	[MsgId: MMSG-26355]
Action.c(1397): web_submit_data("searchViews") was successful, 108 body bytes, 234 header bytes  	[MsgId: MMSG-26386]
Action.c(1416): Notify: Transaction "Rep6_T05_SearchProduct" ended with a "Pass" status (Duration: 0.6038 Wasted Time: 0.0000).
Action.c(1418): lr_think_time: 3.00 seconds.
Action.c(1420): Notify: Transaction "Rep6_T06_SelectProduct" started.
Action.c(1422): web_custom_request("getSelectedItem") started  	[MsgId: MMSG-26355]
Action.c(1422): Error -27760: Request "https://pvr-perf.rxlogix.com/reports/productDictionary/getSelectedItem?productId=103203&dataSource=pva&dictionaryLevel=3&currentLang=en" failed  	[MsgId: MERR-27760]
End auto log messages stack.


Start auto log messages stack - Iteration 2.
Action.c(41): web_add_header("Upgrade-Insecure-Requests") was successful  	[MsgId: MMSG-26392]
Action.c(45): web_reg_save_param_ex started  	[MsgId: MMSG-26355]
Action.c(45): Registering web_reg_save_param_ex was successful  	[MsgId: MMSG-26390]
Action.c(54): web_url("auth") started  	[MsgId: MMSG-26355]
Action.c(54): Redirecting "https://pvr-perf.rxlogix.com/reports/login/auth" (redirection depth is 0)  	[MsgId: MMSG-26694]
Action.c(54): To location "https://pvr-perf.rxlogix.com/reports/"  	[MsgId: MMSG-26693]
Action.c(54): Redirecting "https://pvr-perf.rxlogix.com/reports/" (redirection depth is 1)  	[MsgId: MMSG-26694]
Action.c(54): To location "https://pvr-perf.rxlogix.com/reports/dashboard/index"  	[MsgId: MMSG-26693]
Action.c(54): Error -26377: No match found for the requested parameter "CsrfTokenId1". Either the specified boundaries were not found in the response or the matched text is longer than current max html parameter size of 256 bytes. The total length of the response is 89522 bytes. You can use "web_set_max_html_param_len" to increase the max parameter size.  	[MsgId: MERR-26377]
End auto log messages stack.


Start auto log messages stack - Iteration 3.
Action.c(41): web_add_header("Upgrade-Insecure-Requests") was successful  	[MsgId: MMSG-26392]
Action.c(45): web_reg_save_param_ex started  	[MsgId: MMSG-26355]
Action.c(45): Registering web_reg_save_param_ex was successful  	[MsgId: MMSG-26390]
Action.c(54): web_url("auth") started  	[MsgId: MMSG-26355]
Action.c(54): Redirecting "https://pvr-perf.rxlogix.com/reports/login/auth" (redirection depth is 0)  	[MsgId: MMSG-26694]
Action.c(54): To location "https://pvr-perf.rxlogix.com/reports/"  	[MsgId: MMSG-26693]
Action.c(54): Redirecting "https://pvr-perf.rxlogix.com/reports/" (redirection depth is 1)  	[MsgId: MMSG-26694]
Action.c(54): To location "https://pvr-perf.rxlogix.com/reports/dashboard/index"  	[MsgId: MMSG-26693]
Action.c(54): Error -26377: No match found for the requested parameter "CsrfTokenId1". Either the specified boundaries were not found in the response or the matched text is longer than current max html parameter size of 256 bytes. The total length of the response is 89522 bytes. You can use "web_set_max_html_param_len" to increase the max parameter size.  	[MsgId: MERR-26377]
End auto log messages stack.


Start auto log messages stack - Iteration 4.
Action.c(41): web_add_header("Upgrade-Insecure-Requests") was successful  	[MsgId: MMSG-26392]
Action.c(45): web_reg_save_param_ex started  	[MsgId: MMSG-26355]
Action.c(45): Registering web_reg_save_param_ex was successful  	[MsgId: MMSG-26390]
Action.c(54): web_url("auth") started  	[MsgId: MMSG-26355]
Action.c(54): Redirecting "https://pvr-perf.rxlogix.com/reports/login/auth" (redirection depth is 0)  	[MsgId: MMSG-26694]
Action.c(54): To location "https://pvr-perf.rxlogix.com/reports/"  	[MsgId: MMSG-26693]
Action.c(54): Redirecting "https://pvr-perf.rxlogix.com/reports/" (redirection depth is 1)  	[MsgId: MMSG-26694]
Action.c(54): To location "https://pvr-perf.rxlogix.com/reports/dashboard/index"  	[MsgId: MMSG-26693]
Action.c(54): Error -26377: No match found for the requested parameter "CsrfTokenId1". Either the specified boundaries were not found in the response or the matched text is longer than current max html parameter size of 256 bytes. The total length of the response is 89522 bytes. You can use "web_set_max_html_param_len" to increase the max parameter size.  	[MsgId: MERR-26377]
End auto log messages stack.


Start auto log messages stack - Iteration 5.
Action.c(41): web_add_header("Upgrade-Insecure-Requests") was successful  	[MsgId: MMSG-26392]
Action.c(45): web_reg_save_param_ex started  	[MsgId: MMSG-26355]
Action.c(45): Registering web_reg_save_param_ex was successful  	[MsgId: MMSG-26390]
Action.c(54): web_url("auth") started  	[MsgId: MMSG-26355]
Action.c(54): Redirecting "https://pvr-perf.rxlogix.com/reports/login/auth" (redirection depth is 0)  	[MsgId: MMSG-26694]
Action.c(54): To location "https://pvr-perf.rxlogix.com/reports/"  	[MsgId: MMSG-26693]
Action.c(54): Redirecting "https://pvr-perf.rxlogix.com/reports/" (redirection depth is 1)  	[MsgId: MMSG-26694]
Action.c(54): To location "https://pvr-perf.rxlogix.com/reports/dashboard/index"  	[MsgId: MMSG-26693]
Action.c(54): Error -26377: No match found for the requested parameter "CsrfTokenId1". Either the specified boundaries were not found in the response or the matched text is longer than current max html parameter size of 256 bytes. The total length of the response is 89522 bytes. You can use "web_set_max_html_param_len" to increase the max parameter size.  	[MsgId: MERR-26377]
End auto log messages stack.


