Start auto log messages stack - Iteration 1.
Action.c(1647): web_add_header("Cache-Control") was successful  	[MsgId: MMSG-26392]
Action.c(1650): web_add_header("Sec-Fetch-User") started  	[MsgId: MMSG-26355]
Action.c(1650): web_add_header("Sec-Fetch-User") was successful  	[MsgId: MMSG-26392]
Action.c(1653): web_add_header("Upgrade-Insecure-Requests") started  	[MsgId: MMSG-26355]
Action.c(1653): web_add_header("Upgrade-Insecure-Requests") was successful  	[MsgId: MMSG-26392]
Action.c(1656): web_reg_find started  	[MsgId: MMSG-26355]
Action.c(1656): Registering web_reg_find was successful  	[MsgId: MMSG-26390]
Action.c(1660): web_submit_data("run") started  	[MsgId: MMSG-26355]
Action.c(1660): Error -26366: "Text=Your report has been scheduled" not found for web_reg_find  	[MsgId: MERR-26366]
End auto log messages stack.


Start auto log messages stack - Iteration 2.
Action.c(1647): web_add_header("Cache-Control") was successful  	[MsgId: MMSG-26392]
Action.c(1650): web_add_header("Sec-Fetch-User") started  	[MsgId: MMSG-26355]
Action.c(1650): web_add_header("Sec-Fetch-User") was successful  	[MsgId: MMSG-26392]
Action.c(1653): web_add_header("Upgrade-Insecure-Requests") started  	[MsgId: MMSG-26355]
Action.c(1653): web_add_header("Upgrade-Insecure-Requests") was successful  	[MsgId: MMSG-26392]
Action.c(1656): web_reg_find started  	[MsgId: MMSG-26355]
Action.c(1656): Registering web_reg_find was successful  	[MsgId: MMSG-26390]
Action.c(1660): web_submit_data("run") started  	[MsgId: MMSG-26355]
Action.c(1660): Error -26366: "Text=Your report has been scheduled" not found for web_reg_find  	[MsgId: MERR-26366]
End auto log messages stack.


